{"C:\\Users\\valmi\\Documents\\Testes Automatizados\\TAA-P1-Jest_version\\src\\entities\\matricula\\matricula.ts": {"path":"C:\\Users\\valmi\\Documents\\Testes Automatizados\\TAA-P1-Jest_version\\src\\entities\\matricula\\matricula.ts","statementMap":{"0":{"start":{"line":15,"column":8},"end":{"line":15,"column":32}},"1":{"start":{"line":19,"column":8},"end":{"line":19,"column":37}},"2":{"start":{"line":26,"column":32},"end":{"line":26,"column":48}},"3":{"start":{"line":28,"column":8},"end":{"line":32,"column":9}},"4":{"start":{"line":31,"column":12},"end":{"line":31,"column":45}},"5":{"start":{"line":34,"column":8},"end":{"line":36,"column":9}},"6":{"start":{"line":35,"column":12},"end":{"line":35,"column":null}},"7":{"start":{"line":39,"column":8},"end":{"line":39,"column":27}},"8":{"start":{"line":11,"column":0},"end":{"line":11,"column":13}}},"fnMap":{"0":{"name":"(anonymous_0)","decl":{"start":{"line":14,"column":4},"end":{"line":14,"column":8}},"loc":{"start":{"line":14,"column":13},"end":{"line":16,"column":5}}},"1":{"name":"(anonymous_1)","decl":{"start":{"line":18,"column":4},"end":{"line":18,"column":8}},"loc":{"start":{"line":18,"column":18},"end":{"line":20,"column":5}}},"2":{"name":"(anonymous_2)","decl":{"start":{"line":22,"column":4},"end":{"line":22,"column":16}},"loc":{"start":{"line":22,"column":37},"end":{"line":40,"column":5}}}},"branchMap":{"0":{"loc":{"start":{"line":28,"column":8},"end":{"line":32,"column":9}},"type":"if","locations":[{"start":{"line":28,"column":8},"end":{"line":32,"column":9}}]},"1":{"loc":{"start":{"line":28,"column":11},"end":{"line":30,"column":66}},"type":"binary-expr","locations":[{"start":{"line":28,"column":11},"end":{"line":28,"column":55}},{"start":{"line":29,"column":9},"end":{"line":29,"column":54}},{"start":{"line":30,"column":9},"end":{"line":30,"column":35}},{"start":{"line":30,"column":39},"end":{"line":30,"column":64}}]},"2":{"loc":{"start":{"line":34,"column":8},"end":{"line":36,"column":9}},"type":"if","locations":[{"start":{"line":34,"column":8},"end":{"line":36,"column":9}}]},"3":{"loc":{"start":{"line":34,"column":11},"end":{"line":34,"column":67}},"type":"binary-expr","locations":[{"start":{"line":34,"column":11},"end":{"line":34,"column":37}},{"start":{"line":34,"column":41},"end":{"line":34,"column":67}}]}},"s":{"0":45,"1":43,"2":10,"3":10,"4":1,"5":9,"6":1,"7":8,"8":2},"f":{"0":45,"1":43,"2":10},"b":{"0":[1],"1":[10,9,9,9],"2":[1],"3":[9,8]}}
,"C:\\Users\\valmi\\Documents\\Testes Automatizados\\TAA-P1-Jest_version\\src\\repositorios\\in-memory\\in-memory-alunos-repository.ts": {"path":"C:\\Users\\valmi\\Documents\\Testes Automatizados\\TAA-P1-Jest_version\\src\\repositorios\\in-memory\\in-memory-alunos-repository.ts","statementMap":{"0":{"start":{"line":6,"column":11},"end":{"line":6,"column":null}},"1":{"start":{"line":9,"column":8},"end":{"line":9,"column":null}},"2":{"start":{"line":13,"column":26},"end":{"line":13,"column":82}},"3":{"start":{"line":13,"column":53},"end":{"line":13,"column":81}},"4":{"start":{"line":15,"column":8},"end":{"line":17,"column":9}},"5":{"start":{"line":16,"column":12},"end":{"line":16,"column":59}},"6":{"start":{"line":19,"column":8},"end":{"line":19,"column":31}},"7":{"start":{"line":5,"column":0},"end":{"line":5,"column":13}}},"fnMap":{"0":{"name":"(anonymous_7)","decl":{"start":{"line":5,"column":0},"end":{"line":5,"column":13}},"loc":{"start":{"line":5,"column":0},"end":{"line":21,"column":1}}},"1":{"name":"(anonymous_8)","decl":{"start":{"line":8,"column":10},"end":{"line":8,"column":16}},"loc":{"start":{"line":8,"column":29},"end":{"line":10,"column":null}}},"2":{"name":"(anonymous_10)","decl":{"start":{"line":12,"column":10},"end":{"line":12,"column":35}},"loc":{"start":{"line":12,"column":53},"end":{"line":20,"column":null}}},"3":{"name":"(anonymous_12)","decl":{"start":{"line":13,"column":42},"end":{"line":13,"column":43}},"loc":{"start":{"line":13,"column":53},"end":{"line":13,"column":81}}}},"branchMap":{"0":{"loc":{"start":{"line":15,"column":8},"end":{"line":17,"column":9}},"type":"if","locations":[{"start":{"line":15,"column":8},"end":{"line":17,"column":9}}]}},"s":{"0":0,"1":0,"2":0,"3":0,"4":0,"5":0,"6":0,"7":1},"f":{"0":0,"1":0,"2":0,"3":0},"b":{"0":[0]}}
,"C:\\Users\\valmi\\Documents\\Testes Automatizados\\TAA-P1-Jest_version\\src\\repositorios\\in-memory\\in-memory-disciplina-repository.ts": {"path":"C:\\Users\\valmi\\Documents\\Testes Automatizados\\TAA-P1-Jest_version\\src\\repositorios\\in-memory\\in-memory-disciplina-repository.ts","statementMap":{"0":{"start":{"line":7,"column":11},"end":{"line":7,"column":null}},"1":{"start":{"line":10,"column":8},"end":{"line":10,"column":null}},"2":{"start":{"line":15,"column":8},"end":{"line":15,"column":31}},"3":{"start":{"line":19,"column":32},"end":{"line":19,"column":166}},"4":{"start":{"line":19,"column":59},"end":{"line":19,"column":164}},"5":{"start":{"line":21,"column":8},"end":{"line":23,"column":9}},"6":{"start":{"line":22,"column":12},"end":{"line":22,"column":24}},"7":{"start":{"line":25,"column":8},"end":{"line":25,"column":37}},"8":{"start":{"line":6,"column":0},"end":{"line":6,"column":13}}},"fnMap":{"0":{"name":"(anonymous_7)","decl":{"start":{"line":6,"column":0},"end":{"line":6,"column":13}},"loc":{"start":{"line":6,"column":0},"end":{"line":27,"column":1}}},"1":{"name":"(anonymous_8)","decl":{"start":{"line":9,"column":10},"end":{"line":9,"column":16}},"loc":{"start":{"line":9,"column":39},"end":{"line":11,"column":null}}},"2":{"name":"(anonymous_10)","decl":{"start":{"line":13,"column":10},"end":{"line":13,"column":31}},"loc":{"start":{"line":13,"column":31},"end":{"line":16,"column":null}}},"3":{"name":"(anonymous_12)","decl":{"start":{"line":18,"column":10},"end":{"line":18,"column":25}},"loc":{"start":{"line":18,"column":67},"end":{"line":26,"column":null}}},"4":{"name":"(anonymous_14)","decl":{"start":{"line":19,"column":48},"end":{"line":19,"column":49}},"loc":{"start":{"line":19,"column":59},"end":{"line":19,"column":164}}}},"branchMap":{"0":{"loc":{"start":{"line":19,"column":59},"end":{"line":19,"column":164}},"type":"binary-expr","locations":[{"start":{"line":19,"column":59},"end":{"line":19,"column":88}},{"start":{"line":19,"column":92},"end":{"line":19,"column":121}},{"start":{"line":19,"column":125},"end":{"line":19,"column":164}}]},"1":{"loc":{"start":{"line":21,"column":8},"end":{"line":23,"column":9}},"type":"if","locations":[{"start":{"line":21,"column":8},"end":{"line":23,"column":9}}]}},"s":{"0":2,"1":10,"2":2,"3":0,"4":0,"5":0,"6":0,"7":0,"8":1},"f":{"0":2,"1":10,"2":2,"3":0,"4":0},"b":{"0":[0,0,0],"1":[0]}}
,"C:\\Users\\valmi\\Documents\\Testes Automatizados\\TAA-P1-Jest_version\\src\\repositorios\\in-memory\\in-memory-matriculas-repository.ts": {"path":"C:\\Users\\valmi\\Documents\\Testes Automatizados\\TAA-P1-Jest_version\\src\\repositorios\\in-memory\\in-memory-matriculas-repository.ts","statementMap":{"0":{"start":{"line":8,"column":11},"end":{"line":8,"column":null}},"1":{"start":{"line":11,"column":8},"end":{"line":11,"column":null}},"2":{"start":{"line":15,"column":35},"end":{"line":17,"column":10}},"3":{"start":{"line":16,"column":12},"end":{"line":16,"column":320}},"4":{"start":{"line":19,"column":8},"end":{"line":21,"column":9}},"5":{"start":{"line":20,"column":12},"end":{"line":20,"column":null}},"6":{"start":{"line":23,"column":8},"end":{"line":23,"column":34}},"7":{"start":{"line":27,"column":44},"end":{"line":27,"column":310}},"8":{"start":{"line":27,"column":78},"end":{"line":27,"column":308}},"9":{"start":{"line":28,"column":8},"end":{"line":28,"column":43}},"10":{"start":{"line":7,"column":0},"end":{"line":7,"column":13}}},"fnMap":{"0":{"name":"(anonymous_7)","decl":{"start":{"line":7,"column":0},"end":{"line":7,"column":13}},"loc":{"start":{"line":7,"column":0},"end":{"line":30,"column":1}}},"1":{"name":"(anonymous_8)","decl":{"start":{"line":10,"column":10},"end":{"line":10,"column":16}},"loc":{"start":{"line":10,"column":37},"end":{"line":12,"column":null}}},"2":{"name":"(anonymous_10)","decl":{"start":{"line":14,"column":10},"end":{"line":14,"column":36}},"loc":{"start":{"line":14,"column":73},"end":{"line":24,"column":null}}},"3":{"name":"(anonymous_12)","decl":{"start":{"line":15,"column":51},"end":{"line":15,"column":60}},"loc":{"start":{"line":15,"column":63},"end":{"line":17,"column":9}}},"4":{"name":"(anonymous_13)","decl":{"start":{"line":26,"column":10},"end":{"line":26,"column":44}},"loc":{"start":{"line":26,"column":67},"end":{"line":29,"column":null}}},"5":{"name":"(anonymous_15)","decl":{"start":{"line":27,"column":62},"end":{"line":27,"column":63}},"loc":{"start":{"line":27,"column":78},"end":{"line":27,"column":308}}}},"branchMap":{"0":{"loc":{"start":{"line":16,"column":19},"end":{"line":16,"column":319}},"type":"cond-expr","locations":[{"start":{"line":16,"column":302},"end":{"line":16,"column":311}},{"start":{"line":16,"column":314},"end":{"line":16,"column":319}}]},"1":{"loc":{"start":{"line":16,"column":20},"end":{"line":16,"column":298}},"type":"binary-expr","locations":[{"start":{"line":16,"column":20},"end":{"line":16,"column":64}},{"start":{"line":16,"column":68},"end":{"line":16,"column":140}},{"start":{"line":16,"column":144},"end":{"line":16,"column":214}},{"start":{"line":16,"column":218},"end":{"line":16,"column":298}}]},"2":{"loc":{"start":{"line":19,"column":8},"end":{"line":21,"column":9}},"type":"if","locations":[{"start":{"line":19,"column":8},"end":{"line":21,"column":9}}]},"3":{"loc":{"start":{"line":27,"column":78},"end":{"line":27,"column":308}},"type":"binary-expr","locations":[{"start":{"line":27,"column":78},"end":{"line":27,"column":150}},{"start":{"line":27,"column":154},"end":{"line":27,"column":224}},{"start":{"line":27,"column":228},"end":{"line":27,"column":308}}]}},"s":{"0":5,"1":7,"2":8,"3":4,"4":8,"5":7,"6":1,"7":5,"8":10,"9":5,"10":1},"f":{"0":5,"1":7,"2":8,"3":4,"4":5,"5":10},"b":{"0":[1,3],"1":[4,1,1,1],"2":[7],"3":[10,10,10]}}
,"C:\\Users\\valmi\\Documents\\Testes Automatizados\\TAA-P1-Jest_version\\src\\repositorios\\in-memory\\preenche-repositorio.ts": {"path":"C:\\Users\\valmi\\Documents\\Testes Automatizados\\TAA-P1-Jest_version\\src\\repositorios\\in-memory\\preenche-repositorio.ts","statementMap":{"0":{"start":{"line":1,"column":0},"end":{"line":1,"column":81}},"1":{"start":{"line":5,"column":0},"end":{"line":5,"column":73}},"2":{"start":{"line":9,"column":4},"end":{"line":188,"column":5}},"3":{"start":{"line":10,"column":30},"end":{"line":10,"column":65}},"4":{"start":{"line":12,"column":52},"end":{"line":18,"column":null}},"5":{"start":{"line":20,"column":47},"end":{"line":27,"column":null}},"6":{"start":{"line":29,"column":42},"end":{"line":32,"column":null}},"7":{"start":{"line":34,"column":52},"end":{"line":40,"column":null}},"8":{"start":{"line":42,"column":47},"end":{"line":49,"column":null}},"9":{"start":{"line":51,"column":42},"end":{"line":54,"column":null}},"10":{"start":{"line":56,"column":52},"end":{"line":62,"column":null}},"11":{"start":{"line":64,"column":47},"end":{"line":71,"column":null}},"12":{"start":{"line":73,"column":42},"end":{"line":76,"column":null}},"13":{"start":{"line":78,"column":52},"end":{"line":84,"column":null}},"14":{"start":{"line":86,"column":47},"end":{"line":93,"column":null}},"15":{"start":{"line":95,"column":42},"end":{"line":98,"column":null}},"16":{"start":{"line":100,"column":52},"end":{"line":106,"column":null}},"17":{"start":{"line":108,"column":47},"end":{"line":115,"column":null}},"18":{"start":{"line":117,"column":42},"end":{"line":120,"column":null}},"19":{"start":{"line":122,"column":8},"end":{"line":122,"column":43}},"20":{"start":{"line":123,"column":8},"end":{"line":123,"column":43}},"21":{"start":{"line":124,"column":8},"end":{"line":124,"column":43}},"22":{"start":{"line":125,"column":8},"end":{"line":125,"column":43}},"23":{"start":{"line":126,"column":8},"end":{"line":126,"column":43}},"24":{"start":{"line":129,"column":4},"end":{"line":188,"column":5}},"25":{"start":{"line":130,"column":25},"end":{"line":130,"column":55}},"26":{"start":{"line":132,"column":32},"end":{"line":140,"column":null}},"27":{"start":{"line":142,"column":31},"end":{"line":150,"column":null}},"28":{"start":{"line":152,"column":32},"end":{"line":160,"column":null}},"29":{"start":{"line":162,"column":32},"end":{"line":170,"column":null}},"30":{"start":{"line":172,"column":32},"end":{"line":180,"column":null}},"31":{"start":{"line":182,"column":8},"end":{"line":182,"column":33}},"32":{"start":{"line":183,"column":8},"end":{"line":183,"column":33}},"33":{"start":{"line":184,"column":8},"end":{"line":184,"column":33}},"34":{"start":{"line":185,"column":8},"end":{"line":185,"column":33}},"35":{"start":{"line":186,"column":8},"end":{"line":186,"column":33}},"36":{"start":{"line":8,"column":0},"end":{"line":8,"column":16}}},"fnMap":{"0":{"name":"PreencheBD","decl":{"start":{"line":8,"column":16},"end":{"line":8,"column":26}},"loc":{"start":{"line":8,"column":34},"end":{"line":189,"column":1}}}},"branchMap":{"0":{"loc":{"start":{"line":9,"column":4},"end":{"line":188,"column":5}},"type":"if","locations":[{"start":{"line":9,"column":4},"end":{"line":188,"column":5}},{"start":{"line":129,"column":4},"end":{"line":188,"column":5}}]},"1":{"loc":{"start":{"line":129,"column":4},"end":{"line":188,"column":5}},"type":"if","locations":[{"start":{"line":129,"column":4},"end":{"line":188,"column":5}}]}},"s":{"0":1,"1":1,"2":2,"3":2,"4":2,"5":2,"6":2,"7":2,"8":2,"9":2,"10":2,"11":2,"12":2,"13":2,"14":2,"15":2,"16":2,"17":2,"18":2,"19":2,"20":2,"21":2,"22":2,"23":2,"24":0,"25":0,"26":0,"27":0,"28":0,"29":0,"30":0,"31":0,"32":0,"33":0,"34":0,"35":0,"36":1},"f":{"0":2},"b":{"0":[2,0],"1":[0]}}
,"C:\\Users\\valmi\\Documents\\Testes Automatizados\\TAA-P1-Jest_version\\src\\types\\disciplina.ts": {"path":"C:\\Users\\valmi\\Documents\\Testes Automatizados\\TAA-P1-Jest_version\\src\\types\\disciplina.ts","statementMap":{"0":{"start":{"line":17,"column":4},"end":{"line":19,"column":5}},"1":{"start":{"line":18,"column":6},"end":{"line":18,"column":16}},"2":{"start":{"line":20,"column":4},"end":{"line":22,"column":5}},"3":{"start":{"line":21,"column":6},"end":{"line":21,"column":15}},"4":{"start":{"line":24,"column":4},"end":{"line":24,"column":72}},"5":{"start":{"line":16,"column":0},"end":{"line":16,"column":16}}},"fnMap":{"0":{"name":"compararDisciplina","decl":{"start":{"line":16,"column":16},"end":{"line":16,"column":34}},"loc":{"start":{"line":16,"column":66},"end":{"line":25,"column":1}}}},"branchMap":{"0":{"loc":{"start":{"line":17,"column":4},"end":{"line":19,"column":5}},"type":"if","locations":[{"start":{"line":17,"column":4},"end":{"line":19,"column":5}}]},"1":{"loc":{"start":{"line":20,"column":4},"end":{"line":22,"column":5}},"type":"if","locations":[{"start":{"line":20,"column":4},"end":{"line":22,"column":5}}]}},"s":{"0":10,"1":0,"2":10,"3":2,"4":8,"5":1},"f":{"0":10},"b":{"0":[0],"1":[2]}}
,"C:\\Users\\valmi\\Documents\\Testes Automatizados\\TAA-P1-Jest_version\\src\\use-cases\\disciplinas\\disciplinas-consulta.ts": {"path":"C:\\Users\\valmi\\Documents\\Testes Automatizados\\TAA-P1-Jest_version\\src\\use-cases\\disciplinas\\disciplinas-consulta.ts","statementMap":{"0":{"start":{"line":3,"column":0},"end":{"line":3,"column":72}},"1":{"start":{"line":7,"column":24},"end":{"line":7,"column":69}},"2":{"start":{"line":8,"column":8},"end":{"line":8,"column":52}},"3":{"start":{"line":14,"column":8},"end":{"line":16,"column":9}},"4":{"start":{"line":15,"column":12},"end":{"line":15,"column":46}},"5":{"start":{"line":18,"column":31},"end":{"line":18,"column":80}},"6":{"start":{"line":20,"column":34},"end":{"line":20,"column":60}},"7":{"start":{"line":22,"column":38},"end":{"line":22,"column":59}},"8":{"start":{"line":24,"column":8},"end":{"line":68,"column":9}},"9":{"start":{"line":26,"column":43},"end":{"line":26,"column":64}},"10":{"start":{"line":27,"column":12},"end":{"line":36,"column":13}},"11":{"start":{"line":28,"column":16},"end":{"line":33,"column":19}},"12":{"start":{"line":29,"column":20},"end":{"line":31,"column":21}},"13":{"start":{"line":30,"column":24},"end":{"line":30,"column":null}},"14":{"start":{"line":35,"column":16},"end":{"line":35,"column":60}},"15":{"start":{"line":39,"column":12},"end":{"line":67,"column":13}},"16":{"start":{"line":40,"column":16},"end":{"line":54,"column":19}},"17":{"start":{"line":41,"column":41},"end":{"line":41,"column":78}},"18":{"start":{"line":42,"column":37},"end":{"line":42,"column":41}},"19":{"start":{"line":43,"column":20},"end":{"line":49,"column":21}},"20":{"start":{"line":44,"column":24},"end":{"line":48,"column":null}},"21":{"start":{"line":45,"column":28},"end":{"line":47,"column":29}},"22":{"start":{"line":46,"column":32},"end":{"line":46,"column":51}},"23":{"start":{"line":50,"column":20},"end":{"line":52,"column":21}},"24":{"start":{"line":51,"column":24},"end":{"line":51,"column":68}},"25":{"start":{"line":53,"column":20},"end":{"line":53,"column":38}},"26":{"start":{"line":56,"column":16},"end":{"line":66,"column":19}},"27":{"start":{"line":57,"column":41},"end":{"line":57,"column":78}},"28":{"start":{"line":58,"column":37},"end":{"line":58,"column":41}},"29":{"start":{"line":59,"column":20},"end":{"line":61,"column":21}},"30":{"start":{"line":60,"column":24},"end":{"line":60,"column":43}},"31":{"start":{"line":62,"column":20},"end":{"line":64,"column":21}},"32":{"start":{"line":63,"column":24},"end":{"line":63,"column":68}},"33":{"start":{"line":65,"column":20},"end":{"line":65,"column":38}},"34":{"start":{"line":70,"column":8},"end":{"line":70,"column":64}},"35":{"start":{"line":5,"column":0},"end":{"line":5,"column":13}}},"fnMap":{"0":{"name":"(anonymous_7)","decl":{"start":{"line":7,"column":4},"end":{"line":7,"column":24}},"loc":{"start":{"line":7,"column":69},"end":{"line":9,"column":5}}},"1":{"name":"(anonymous_8)","decl":{"start":{"line":13,"column":10},"end":{"line":13,"column":41}},"loc":{"start":{"line":13,"column":54},"end":{"line":71,"column":null}}},"2":{"name":"(anonymous_10)","decl":{"start":{"line":28,"column":41},"end":{"line":28,"column":48}},"loc":{"start":{"line":28,"column":51},"end":{"line":33,"column":17}}},"3":{"name":"(anonymous_11)","decl":{"start":{"line":40,"column":49},"end":{"line":40,"column":56}},"loc":{"start":{"line":40,"column":59},"end":{"line":54,"column":17}}},"4":{"name":"(anonymous_12)","decl":{"start":{"line":44,"column":47},"end":{"line":44,"column":49}},"loc":{"start":{"line":44,"column":52},"end":{"line":48,"column":25}}},"5":{"name":"(anonymous_13)","decl":{"start":{"line":56,"column":49},"end":{"line":56,"column":56}},"loc":{"start":{"line":56,"column":59},"end":{"line":66,"column":17}}}},"branchMap":{"0":{"loc":{"start":{"line":14,"column":8},"end":{"line":16,"column":9}},"type":"if","locations":[{"start":{"line":14,"column":8},"end":{"line":16,"column":9}}]},"1":{"loc":{"start":{"line":24,"column":8},"end":{"line":68,"column":9}},"type":"if","locations":[{"start":{"line":24,"column":8},"end":{"line":68,"column":9}}]},"2":{"loc":{"start":{"line":27,"column":12},"end":{"line":36,"column":13}},"type":"if","locations":[{"start":{"line":27,"column":12},"end":{"line":36,"column":13}},{"start":{"line":34,"column":19},"end":{"line":36,"column":13}}]},"3":{"loc":{"start":{"line":29,"column":20},"end":{"line":31,"column":21}},"type":"if","locations":[{"start":{"line":29,"column":20},"end":{"line":31,"column":21}}]},"4":{"loc":{"start":{"line":39,"column":12},"end":{"line":67,"column":13}},"type":"if","locations":[{"start":{"line":39,"column":12},"end":{"line":67,"column":13}},{"start":{"line":55,"column":19},"end":{"line":67,"column":13}}]},"5":{"loc":{"start":{"line":43,"column":20},"end":{"line":49,"column":21}},"type":"if","locations":[{"start":{"line":43,"column":20},"end":{"line":49,"column":21}}]},"6":{"loc":{"start":{"line":45,"column":28},"end":{"line":47,"column":29}},"type":"if","locations":[{"start":{"line":45,"column":28},"end":{"line":47,"column":29}}]},"7":{"loc":{"start":{"line":50,"column":20},"end":{"line":52,"column":21}},"type":"if","locations":[{"start":{"line":50,"column":20},"end":{"line":52,"column":21}}]},"8":{"loc":{"start":{"line":59,"column":20},"end":{"line":61,"column":21}},"type":"if","locations":[{"start":{"line":59,"column":20},"end":{"line":61,"column":21}}]},"9":{"loc":{"start":{"line":62,"column":20},"end":{"line":64,"column":21}},"type":"if","locations":[{"start":{"line":62,"column":20},"end":{"line":64,"column":21}}]}},"s":{"0":1,"1":2,"2":2,"3":2,"4":0,"5":2,"6":2,"7":2,"8":2,"9":2,"10":2,"11":1,"12":5,"13":3,"14":1,"15":2,"16":1,"17":3,"18":3,"19":3,"20":2,"21":3,"22":1,"23":3,"24":2,"25":3,"26":1,"27":5,"28":5,"29":5,"30":2,"31":5,"32":3,"33":5,"34":2,"35":1},"f":{"0":2,"1":2,"2":5,"3":3,"4":3,"5":5},"b":{"0":[0],"1":[2],"2":[1,1],"3":[3],"4":[1,1],"5":[2],"6":[1],"7":[2],"8":[2],"9":[3]}}
,"C:\\Users\\valmi\\Documents\\Testes Automatizados\\TAA-P1-Jest_version\\src\\use-cases\\matricula\\criar-matricula.ts": {"path":"C:\\Users\\valmi\\Documents\\Testes Automatizados\\TAA-P1-Jest_version\\src\\use-cases\\matricula\\criar-matricula.ts","statementMap":{"0":{"start":{"line":1,"column":0},"end":{"line":1,"column":62}},"1":{"start":{"line":20,"column":4},"end":{"line":22,"column":5}},"2":{"start":{"line":21,"column":8},"end":{"line":21,"column":17}},"3":{"start":{"line":23,"column":4},"end":{"line":25,"column":5}},"4":{"start":{"line":24,"column":8},"end":{"line":24,"column":18}},"5":{"start":{"line":27,"column":4},"end":{"line":27,"column":13}},"6":{"start":{"line":31,"column":24},"end":{"line":31,"column":66}},"7":{"start":{"line":39,"column":35},"end":{"line":41,"column":null}},"8":{"start":{"line":44,"column":8},"end":{"line":50,"column":9}},"9":{"start":{"line":49,"column":12},"end":{"line":49,"column":64}},"10":{"start":{"line":52,"column":26},"end":{"line":55,"column":10}},"11":{"start":{"line":57,"column":8},"end":{"line":57,"column":null}},"12":{"start":{"line":59,"column":8},"end":{"line":59,"column":null}},"13":{"start":{"line":67,"column":37},"end":{"line":67,"column":115}},"14":{"start":{"line":68,"column":8},"end":{"line":107,"column":9}},"15":{"start":{"line":69,"column":12},"end":{"line":105,"column":13}},"16":{"start":{"line":72,"column":38},"end":{"line":72,"column":67}},"17":{"start":{"line":74,"column":16},"end":{"line":96,"column":19}},"18":{"start":{"line":78,"column":44},"end":{"line":78,"column":77}},"19":{"start":{"line":81,"column":46},"end":{"line":81,"column":119}},"20":{"start":{"line":83,"column":41},"end":{"line":83,"column":57}},"21":{"start":{"line":85,"column":20},"end":{"line":90,"column":21}},"22":{"start":{"line":86,"column":24},"end":{"line":86,"column":45}},"23":{"start":{"line":88,"column":27},"end":{"line":90,"column":21}},"24":{"start":{"line":89,"column":24},"end":{"line":89,"column":45}},"25":{"start":{"line":91,"column":58},"end":{"line":94,"column":null}},"26":{"start":{"line":95,"column":20},"end":{"line":95,"column":52}},"27":{"start":{"line":99,"column":16},"end":{"line":99,"column":56}},"28":{"start":{"line":100,"column":33},"end":{"line":100,"column":112}},"29":{"start":{"line":100,"column":72},"end":{"line":100,"column":107}},"30":{"start":{"line":102,"column":16},"end":{"line":104,"column":17}},"31":{"start":{"line":103,"column":20},"end":{"line":103,"column":70}},"32":{"start":{"line":108,"column":8},"end":{"line":108,"column":67}},"33":{"start":{"line":30,"column":0},"end":{"line":30,"column":13}}},"fnMap":{"0":{"name":"compararPontuacao","decl":{"start":{"line":19,"column":9},"end":{"line":19,"column":26}},"loc":{"start":{"line":19,"column":71},"end":{"line":28,"column":1}}},"1":{"name":"(anonymous_8)","decl":{"start":{"line":31,"column":4},"end":{"line":31,"column":24}},"loc":{"start":{"line":31,"column":66},"end":{"line":33,"column":5}}},"2":{"name":"(anonymous_9)","decl":{"start":{"line":35,"column":10},"end":{"line":35,"column":18}},"loc":{"start":{"line":38,"column":27},"end":{"line":60,"column":null}}},"3":{"name":"(anonymous_11)","decl":{"start":{"line":62,"column":10},"end":{"line":62,"column":32}},"loc":{"start":{"line":62,"column":69},"end":{"line":110,"column":null}}},"4":{"name":"(anonymous_13)","decl":{"start":{"line":74,"column":45},"end":{"line":74,"column":52}},"loc":{"start":{"line":74,"column":55},"end":{"line":96,"column":17}}},"5":{"name":"(anonymous_14)","decl":{"start":{"line":100,"column":59},"end":{"line":100,"column":60}},"loc":{"start":{"line":100,"column":72},"end":{"line":100,"column":107}}}},"branchMap":{"0":{"loc":{"start":{"line":20,"column":4},"end":{"line":22,"column":5}},"type":"if","locations":[{"start":{"line":20,"column":4},"end":{"line":22,"column":5}}]},"1":{"loc":{"start":{"line":23,"column":4},"end":{"line":25,"column":5}},"type":"if","locations":[{"start":{"line":23,"column":4},"end":{"line":25,"column":5}}]},"2":{"loc":{"start":{"line":44,"column":8},"end":{"line":50,"column":9}},"type":"if","locations":[{"start":{"line":44,"column":8},"end":{"line":50,"column":9}}]},"3":{"loc":{"start":{"line":68,"column":8},"end":{"line":107,"column":9}},"type":"if","locations":[{"start":{"line":68,"column":8},"end":{"line":107,"column":9}}]},"4":{"loc":{"start":{"line":69,"column":12},"end":{"line":105,"column":13}},"type":"if","locations":[{"start":{"line":69,"column":12},"end":{"line":105,"column":13}}]},"5":{"loc":{"start":{"line":85,"column":20},"end":{"line":90,"column":21}},"type":"if","locations":[{"start":{"line":85,"column":20},"end":{"line":90,"column":21}},{"start":{"line":88,"column":27},"end":{"line":90,"column":21}}]},"6":{"loc":{"start":{"line":88,"column":27},"end":{"line":90,"column":21}},"type":"if","locations":[{"start":{"line":88,"column":27},"end":{"line":90,"column":21}}]},"7":{"loc":{"start":{"line":102,"column":16},"end":{"line":104,"column":17}},"type":"if","locations":[{"start":{"line":102,"column":16},"end":{"line":104,"column":17}}]}},"s":{"0":1,"1":6,"2":0,"3":6,"4":6,"5":0,"6":5,"7":8,"8":8,"9":1,"10":7,"11":7,"12":7,"13":5,"14":5,"15":5,"16":4,"17":4,"18":10,"19":10,"20":10,"21":10,"22":3,"23":7,"24":3,"25":10,"26":10,"27":4,"28":4,"29":7,"30":4,"31":4,"32":1,"33":1},"f":{"0":6,"1":5,"2":8,"3":5,"4":10,"5":7},"b":{"0":[0],"1":[6],"2":[1],"3":[5],"4":[4],"5":[3,7],"6":[3],"7":[4]}}
}
