TN:
SF:src\entities\matricula\matricula.ts
FN:14,(anonymous_0)
FN:18,(anonymous_1)
FN:22,(anonymous_2)
FNF:3
FNH:3
FNDA:45,(anonymous_0)
FNDA:43,(anonymous_1)
FNDA:10,(anonymous_2)
DA:11,2
DA:15,45
DA:19,43
DA:26,10
DA:28,10
DA:31,1
DA:34,9
DA:35,1
DA:39,8
LF:9
LH:9
BRDA:28,0,0,1
BRDA:28,1,0,10
BRDA:28,1,1,9
BRDA:28,1,2,9
BRDA:28,1,3,9
BRDA:34,2,0,1
BRDA:34,3,0,9
BRDA:34,3,1,8
BRF:8
BRH:8
end_of_record
TN:
SF:src\repositorios\in-memory\in-memory-alunos-repository.ts
FN:5,(anonymous_7)
FN:8,(anonymous_8)
FN:12,(anonymous_10)
FN:13,(anonymous_12)
FNF:4
FNH:0
FNDA:0,(anonymous_7)
FNDA:0,(anonymous_8)
FNDA:0,(anonymous_10)
FNDA:0,(anonymous_12)
DA:5,1
DA:6,0
DA:9,0
DA:13,0
DA:15,0
DA:16,0
DA:19,0
LF:7
LH:1
BRDA:15,0,0,0
BRF:1
BRH:0
end_of_record
TN:
SF:src\repositorios\in-memory\in-memory-disciplina-repository.ts
FN:6,(anonymous_7)
FN:9,(anonymous_8)
FN:13,(anonymous_10)
FN:18,(anonymous_12)
FN:19,(anonymous_14)
FNF:5
FNH:3
FNDA:2,(anonymous_7)
FNDA:10,(anonymous_8)
FNDA:2,(anonymous_10)
FNDA:0,(anonymous_12)
FNDA:0,(anonymous_14)
DA:6,1
DA:7,2
DA:10,10
DA:15,2
DA:19,0
DA:21,0
DA:22,0
DA:25,0
LF:8
LH:4
BRDA:19,0,0,0
BRDA:19,0,1,0
BRDA:19,0,2,0
BRDA:21,1,0,0
BRF:4
BRH:0
end_of_record
TN:
SF:src\repositorios\in-memory\in-memory-matriculas-repository.ts
FN:7,(anonymous_7)
FN:10,(anonymous_8)
FN:14,(anonymous_10)
FN:15,(anonymous_12)
FN:26,(anonymous_13)
FN:27,(anonymous_15)
FNF:6
FNH:6
FNDA:5,(anonymous_7)
FNDA:7,(anonymous_8)
FNDA:8,(anonymous_10)
FNDA:4,(anonymous_12)
FNDA:5,(anonymous_13)
FNDA:10,(anonymous_15)
DA:7,1
DA:8,5
DA:11,7
DA:15,8
DA:16,4
DA:19,8
DA:20,7
DA:23,1
DA:27,10
DA:28,5
LF:10
LH:10
BRDA:16,0,0,1
BRDA:16,0,1,3
BRDA:16,1,0,4
BRDA:16,1,1,1
BRDA:16,1,2,1
BRDA:16,1,3,1
BRDA:19,2,0,7
BRDA:27,3,0,10
BRDA:27,3,1,10
BRDA:27,3,2,10
BRF:10
BRH:10
end_of_record
TN:
SF:src\repositorios\in-memory\preenche-repositorio.ts
FN:8,PreencheBD
FNF:1
FNH:1
FNDA:2,PreencheBD
DA:1,1
DA:5,1
DA:8,1
DA:9,2
DA:10,2
DA:12,2
DA:20,2
DA:29,2
DA:34,2
DA:42,2
DA:51,2
DA:56,2
DA:64,2
DA:73,2
DA:78,2
DA:86,2
DA:95,2
DA:100,2
DA:108,2
DA:117,2
DA:122,2
DA:123,2
DA:124,2
DA:125,2
DA:126,2
DA:129,0
DA:130,0
DA:132,0
DA:142,0
DA:152,0
DA:162,0
DA:172,0
DA:182,0
DA:183,0
DA:184,0
DA:185,0
DA:186,0
LF:37
LH:25
BRDA:9,0,0,2
BRDA:9,0,1,0
BRDA:129,1,0,0
BRF:3
BRH:1
end_of_record
TN:
SF:src\types\disciplina.ts
FN:16,compararDisciplina
FNF:1
FNH:1
FNDA:10,compararDisciplina
DA:16,1
DA:17,10
DA:18,0
DA:20,10
DA:21,2
DA:24,8
LF:6
LH:5
BRDA:17,0,0,0
BRDA:20,1,0,2
BRF:2
BRH:1
end_of_record
TN:
SF:src\use-cases\disciplinas\disciplinas-consulta.ts
FN:7,(anonymous_7)
FN:13,(anonymous_8)
FN:28,(anonymous_10)
FN:40,(anonymous_11)
FN:44,(anonymous_12)
FN:56,(anonymous_13)
FNF:6
FNH:6
FNDA:2,(anonymous_7)
FNDA:2,(anonymous_8)
FNDA:5,(anonymous_10)
FNDA:3,(anonymous_11)
FNDA:3,(anonymous_12)
FNDA:5,(anonymous_13)
DA:3,1
DA:5,1
DA:7,2
DA:8,2
DA:14,2
DA:15,0
DA:18,2
DA:20,2
DA:22,2
DA:24,2
DA:26,2
DA:27,2
DA:28,1
DA:29,5
DA:30,3
DA:35,1
DA:39,2
DA:40,1
DA:41,3
DA:42,3
DA:43,3
DA:44,2
DA:45,3
DA:46,1
DA:50,3
DA:51,2
DA:53,3
DA:56,1
DA:57,5
DA:58,5
DA:59,5
DA:60,2
DA:62,5
DA:63,3
DA:65,5
DA:70,2
LF:36
LH:35
BRDA:14,0,0,0
BRDA:24,1,0,2
BRDA:27,2,0,1
BRDA:27,2,1,1
BRDA:29,3,0,3
BRDA:39,4,0,1
BRDA:39,4,1,1
BRDA:43,5,0,2
BRDA:45,6,0,1
BRDA:50,7,0,2
BRDA:59,8,0,2
BRDA:62,9,0,3
BRF:12
BRH:11
end_of_record
TN:
SF:src\use-cases\matricula\criar-matricula.ts
FN:19,compararPontuacao
FN:31,(anonymous_8)
FN:35,(anonymous_9)
FN:62,(anonymous_11)
FN:74,(anonymous_13)
FN:100,(anonymous_14)
FNF:6
FNH:6
FNDA:6,compararPontuacao
FNDA:5,(anonymous_8)
FNDA:8,(anonymous_9)
FNDA:5,(anonymous_11)
FNDA:10,(anonymous_13)
FNDA:7,(anonymous_14)
DA:1,1
DA:20,6
DA:21,0
DA:23,6
DA:24,6
DA:27,0
DA:30,1
DA:31,5
DA:39,8
DA:44,8
DA:49,1
DA:52,7
DA:57,7
DA:59,7
DA:67,5
DA:68,5
DA:69,5
DA:72,4
DA:74,4
DA:78,10
DA:81,10
DA:83,10
DA:85,10
DA:86,3
DA:88,7
DA:89,3
DA:91,10
DA:95,10
DA:99,4
DA:100,7
DA:102,4
DA:103,4
DA:108,1
LF:33
LH:31
BRDA:20,0,0,0
BRDA:23,1,0,6
BRDA:44,2,0,1
BRDA:68,3,0,5
BRDA:69,4,0,4
BRDA:85,5,0,3
BRDA:85,5,1,7
BRDA:88,6,0,3
BRDA:102,7,0,4
BRF:9
BRH:8
end_of_record
